<?xml version="1.0" encoding="UTF-8"?>
<!-- Generated by org.testng.reporters.JUnitReportReporter -->
<testsuite skipped="0" hostname="MININT-Q7F0K2O" name="CucumberDemo.CucumberDemo.TestRunner" tests="3" failures="0" timestamp="21 Dec 2018 17:42:11 GMT" time="53.726" errors="0">
  <testcase name="feature" time="9.962" classname="CucumberDemo.CucumberDemo.TestRunner"/>
  <testcase name="feature" time="10.787" classname="CucumberDemo.CucumberDemo.TestRunner"/>
  <testcase name="feature" time="32.977" classname="CucumberDemo.CucumberDemo.TestRunner"/>
</testsuite> <!-- CucumberDemo.CucumberDemo.TestRunner -->
